<?xml version="1.0" encoding="UTF-8"?>
<testsuite xmlns:xsi="http://www.w3.org/2001/XMLSchema-instance" xsi:noNamespaceSchemaLocation="https://maven.apache.org/surefire/maven-surefire-plugin/xsd/surefire-test-report.xsd" name="com.example.AppTest" time="0.022" tests="4" errors="0" skipped="0" failures="0">
  <properties>
[...]
</properties>
  <testcase name="shouldAnswerWithTrue" classname="com.example.AppTest" time="0.001"/>
  <testcase name="testQueueInit" classname="com.example.AppTest" time="0"/>
  <testcase name="testQueueAct" classname="com.example.AppTest" time="0"/>
  <testcase name="testInheritance" classname="com.example.AppTest" time="0"/>
</testsuite>